2024-08-27 22:33:13,416 [Worker-1: Loading available Gradle versions] INFO  c.g.t.t.d.PublishedGradleVersions - Gradle version information cache is up-to-date. Trying to read.
2024-08-27 23:10:11,794 [Worker-5: Loading available Gradle versions] INFO  c.g.t.t.d.PublishedGradleVersions - Gradle version information cache is up-to-date. Trying to read.
2024-08-27 23:14:24,016 [Worker-7: Creating maven-archetype-quickstart] ERROR o.e.m.c.i.p.ProjectConfigurationManager - Unable to create project from archetype [org.apache.maven.archetypes:maven-archetype-quickstart:1.4 -> ]
org.apache.maven.archetype.exception.ArchetypeGenerationFailure: org.apache.maven.archetype.exception.InvalidPackaging: Unable to add module to the current project as it is not of packaging type 'pom'
	at org.apache.maven.archetype.generator.DefaultFilesetArchetypeGenerator.generateArchetype(DefaultFilesetArchetypeGenerator.java:237) ~[na:na]
	at org.apache.maven.archetype.generator.DefaultArchetypeGenerator.processFileSetArchetype(DefaultArchetypeGenerator.java:129) ~[na:na]
	at org.apache.maven.archetype.generator.DefaultArchetypeGenerator.generateArchetype(DefaultArchetypeGenerator.java:100) ~[na:na]
	at org.apache.maven.archetype.generator.DefaultArchetypeGenerator.generateArchetype(DefaultArchetypeGenerator.java:143) ~[na:na]
	at org.apache.maven.archetype.generator.DefaultArchetypeGenerator.generateArchetype(DefaultArchetypeGenerator.java:169) ~[na:na]
	at org.apache.maven.archetype.DefaultArchetypeManager.generateProjectFromArchetype(DefaultArchetypeManager.java:73) ~[na:na]
	at org.eclipse.m2e.core.internal.project.ProjectConfigurationManager.createArchetypeProjects0(ProjectConfigurationManager.java:844) ~[na:na]
	at org.eclipse.m2e.core.internal.project.ProjectConfigurationManager$5.call(ProjectConfigurationManager.java:792) ~[na:na]
	at org.eclipse.m2e.core.internal.project.ProjectConfigurationManager$5.call(ProjectConfigurationManager.java:1) ~[na:na]
	at org.eclipse.m2e.core.internal.embedder.MavenExecutionContext.executeBare(MavenExecutionContext.java:177) ~[na:na]
	at org.eclipse.m2e.core.internal.embedder.MavenExecutionContext.execute(MavenExecutionContext.java:151) ~[na:na]
	at org.eclipse.m2e.core.internal.embedder.MavenExecutionContext.execute(MavenExecutionContext.java:99) ~[na:na]
	at org.eclipse.m2e.core.internal.embedder.MavenImpl.execute(MavenImpl.java:1355) ~[na:na]
	at org.eclipse.m2e.core.internal.project.ProjectConfigurationManager.createArchetypeProjects(ProjectConfigurationManager.java:790) ~[na:na]
	at org.eclipse.m2e.core.ui.internal.wizards.MavenProjectWizard$5.doCreateMavenProjects(MavenProjectWizard.java:241) ~[org.eclipse.m2e.core.ui_1.9.1.20180912-1601.jar:na]
	at org.eclipse.m2e.core.ui.internal.wizards.AbstractCreateMavenProjectJob$1.doCreateMavenProjects(AbstractCreateMavenProjectJob.java:63) ~[org.eclipse.m2e.core.ui_1.9.1.20180912-1601.jar:na]
	at org.eclipse.m2e.core.ui.internal.wizards.AbstractCreateMavenProjectsOperation.run(AbstractCreateMavenProjectsOperation.java:73) ~[org.eclipse.m2e.core.ui_1.9.1.20180912-1601.jar:na]
	at org.eclipse.m2e.core.ui.internal.wizards.AbstractCreateMavenProjectJob.runInWorkspace(AbstractCreateMavenProjectJob.java:67) ~[org.eclipse.m2e.core.ui_1.9.1.20180912-1601.jar:na]
	at org.eclipse.core.internal.resources.InternalWorkspaceJob.run(InternalWorkspaceJob.java:42) ~[na:na]
	at org.eclipse.core.internal.jobs.Worker.run(Worker.java:63) ~[org.eclipse.core.jobs_3.10.100.v20180817-1215.jar:na]
Caused by: org.apache.maven.archetype.exception.InvalidPackaging: Unable to add module to the current project as it is not of packaging type 'pom'
	at org.apache.maven.archetype.common.DefaultPomManager.addModule(DefaultPomManager.java:99) ~[na:na]
	at org.apache.maven.archetype.generator.DefaultFilesetArchetypeGenerator.processPomWithParent(DefaultFilesetArchetypeGenerator.java:680) ~[na:na]
	at org.apache.maven.archetype.generator.DefaultFilesetArchetypeGenerator.processFilesetProject(DefaultFilesetArchetypeGenerator.java:621) ~[na:na]
	at org.apache.maven.archetype.generator.DefaultFilesetArchetypeGenerator.processFilesetModule(DefaultFilesetArchetypeGenerator.java:564) ~[na:na]
	at org.apache.maven.archetype.generator.DefaultFilesetArchetypeGenerator.generateArchetype(DefaultFilesetArchetypeGenerator.java:203) ~[na:na]
	... 19 common frames omitted
2024-08-27 23:14:56,989 [Worker-14: Creating maven-archetype-quickstart] ERROR o.e.m.c.i.p.ProjectConfigurationManager - Unable to create project from archetype [org.apache.maven.archetypes:maven-archetype-quickstart:1.4 -> ]
org.apache.maven.archetype.exception.ArchetypeGenerationFailure: org.apache.maven.archetype.exception.InvalidPackaging: Unable to add module to the current project as it is not of packaging type 'pom'
	at org.apache.maven.archetype.generator.DefaultFilesetArchetypeGenerator.generateArchetype(DefaultFilesetArchetypeGenerator.java:237) ~[na:na]
	at org.apache.maven.archetype.generator.DefaultArchetypeGenerator.processFileSetArchetype(DefaultArchetypeGenerator.java:129) ~[na:na]
	at org.apache.maven.archetype.generator.DefaultArchetypeGenerator.generateArchetype(DefaultArchetypeGenerator.java:100) ~[na:na]
	at org.apache.maven.archetype.generator.DefaultArchetypeGenerator.generateArchetype(DefaultArchetypeGenerator.java:143) ~[na:na]
	at org.apache.maven.archetype.generator.DefaultArchetypeGenerator.generateArchetype(DefaultArchetypeGenerator.java:169) ~[na:na]
	at org.apache.maven.archetype.DefaultArchetypeManager.generateProjectFromArchetype(DefaultArchetypeManager.java:73) ~[na:na]
	at org.eclipse.m2e.core.internal.project.ProjectConfigurationManager.createArchetypeProjects0(ProjectConfigurationManager.java:844) ~[na:na]
	at org.eclipse.m2e.core.internal.project.ProjectConfigurationManager$5.call(ProjectConfigurationManager.java:792) ~[na:na]
	at org.eclipse.m2e.core.internal.project.ProjectConfigurationManager$5.call(ProjectConfigurationManager.java:1) ~[na:na]
	at org.eclipse.m2e.core.internal.embedder.MavenExecutionContext.executeBare(MavenExecutionContext.java:177) ~[na:na]
	at org.eclipse.m2e.core.internal.embedder.MavenExecutionContext.execute(MavenExecutionContext.java:151) ~[na:na]
	at org.eclipse.m2e.core.internal.embedder.MavenExecutionContext.execute(MavenExecutionContext.java:99) ~[na:na]
	at org.eclipse.m2e.core.internal.embedder.MavenImpl.execute(MavenImpl.java:1355) ~[na:na]
	at org.eclipse.m2e.core.internal.project.ProjectConfigurationManager.createArchetypeProjects(ProjectConfigurationManager.java:790) ~[na:na]
	at org.eclipse.m2e.core.ui.internal.wizards.MavenProjectWizard$5.doCreateMavenProjects(MavenProjectWizard.java:241) ~[org.eclipse.m2e.core.ui_1.9.1.20180912-1601.jar:na]
	at org.eclipse.m2e.core.ui.internal.wizards.AbstractCreateMavenProjectJob$1.doCreateMavenProjects(AbstractCreateMavenProjectJob.java:63) ~[org.eclipse.m2e.core.ui_1.9.1.20180912-1601.jar:na]
	at org.eclipse.m2e.core.ui.internal.wizards.AbstractCreateMavenProjectsOperation.run(AbstractCreateMavenProjectsOperation.java:73) ~[org.eclipse.m2e.core.ui_1.9.1.20180912-1601.jar:na]
	at org.eclipse.m2e.core.ui.internal.wizards.AbstractCreateMavenProjectJob.runInWorkspace(AbstractCreateMavenProjectJob.java:67) ~[org.eclipse.m2e.core.ui_1.9.1.20180912-1601.jar:na]
	at org.eclipse.core.internal.resources.InternalWorkspaceJob.run(InternalWorkspaceJob.java:42) ~[na:na]
	at org.eclipse.core.internal.jobs.Worker.run(Worker.java:63) ~[org.eclipse.core.jobs_3.10.100.v20180817-1215.jar:na]
Caused by: org.apache.maven.archetype.exception.InvalidPackaging: Unable to add module to the current project as it is not of packaging type 'pom'
	at org.apache.maven.archetype.common.DefaultPomManager.addModule(DefaultPomManager.java:99) ~[na:na]
	at org.apache.maven.archetype.generator.DefaultFilesetArchetypeGenerator.processPomWithParent(DefaultFilesetArchetypeGenerator.java:680) ~[na:na]
	at org.apache.maven.archetype.generator.DefaultFilesetArchetypeGenerator.processFilesetProject(DefaultFilesetArchetypeGenerator.java:621) ~[na:na]
	at org.apache.maven.archetype.generator.DefaultFilesetArchetypeGenerator.processFilesetModule(DefaultFilesetArchetypeGenerator.java:564) ~[na:na]
	at org.apache.maven.archetype.generator.DefaultFilesetArchetypeGenerator.generateArchetype(DefaultFilesetArchetypeGenerator.java:203) ~[na:na]
	... 19 common frames omitted
